app/build/intermediates/manifest_merge_blame_file/debug/processDebugMainManifest/manifest-merger-blame-debug-report.txt
1<?xml version="1.0" encoding="utf-8"?>
2<manifest xmlns:android="http://schemas.android.com/apk/res/android"
3    package="com.example.foodorderapp"
4    android:versionCode="1"
5    android:versionName="1.0" >
6
7    <uses-sdk
7-->INJECTED
8        android:minSdkVersion="24"
8-->INJECTED
9        android:targetSdkVersion="34" />
9-->INJECTED
10
11    <uses-permission android:name="android.permission.INTERNET" />
11-->src/main/AndroidManifest.xml:4:5-67
11-->src/main/AndroidManifest.xml:4:22-64
12    <uses-permission android:name="android.permission.ACCESS_NETWORK_STATE" />
12-->[com.google.firebase:firebase-auth:24.0.0] AndroidManifest.xml:26:5-79
12-->[com.google.firebase:firebase-auth:24.0.0] AndroidManifest.xml:26:22-76
13    <uses-permission android:name="com.google.android.providers.gsf.permission.READ_GSERVICES" />
13-->[com.google.android.recaptcha:recaptcha:18.6.1] AndroidManifest.xml:9:5-98
13-->[com.google.android.recaptcha:recaptcha:18.6.1] AndroidManifest.xml:9:22-95
14
15    <permission
15-->[androidx.core:core:1.9.0] AndroidManifest.xml:22:5-24:47
16        android:name="com.example.foodorderapp.DYNAMIC_RECEIVER_NOT_EXPORTED_PERMISSION"
16-->[androidx.core:core:1.9.0] AndroidManifest.xml:23:9-81
17        android:protectionLevel="signature" />
17-->[androidx.core:core:1.9.0] AndroidManifest.xml:24:9-44
18
19    <uses-permission android:name="com.example.foodorderapp.DYNAMIC_RECEIVER_NOT_EXPORTED_PERMISSION" />
19-->[androidx.core:core:1.9.0] AndroidManifest.xml:26:5-97
19-->[androidx.core:core:1.9.0] AndroidManifest.xml:26:22-94
20
21    <application
21-->src/main/AndroidManifest.xml:6:5-57:19
22        android:allowBackup="true"
22-->src/main/AndroidManifest.xml:7:9-35
23        android:appComponentFactory="androidx.core.app.CoreComponentFactory"
23-->[androidx.core:core:1.9.0] AndroidManifest.xml:28:18-86
24        android:debuggable="true"
25        android:extractNativeLibs="false"
25-->INJECTED
26        android:icon="@mipmap/ic_launcher"
26-->src/main/AndroidManifest.xml:8:9-43
27        android:label="@string/app_name"
27-->src/main/AndroidManifest.xml:9:9-41
28        android:roundIcon="@mipmap/ic_launcher_round"
28-->src/main/AndroidManifest.xml:10:9-54
29        android:supportsRtl="true"
29-->src/main/AndroidManifest.xml:11:9-35
30        android:testOnly="true"
31        android:theme="@style/Theme.FoodOrderApp" >
31-->src/main/AndroidManifest.xml:12:9-50
32        <activity
32-->src/main/AndroidManifest.xml:14:9-22:20
33            android:name="com.example.foodorderapp.SplashActivity"
33-->src/main/AndroidManifest.xml:15:13-43
34            android:exported="true"
34-->src/main/AndroidManifest.xml:16:13-36
35            android:theme="@style/Theme.FoodOrderApp.Splash" >
35-->src/main/AndroidManifest.xml:17:13-61
36            <intent-filter>
36-->src/main/AndroidManifest.xml:18:13-21:29
37                <action android:name="android.intent.action.MAIN" />
37-->src/main/AndroidManifest.xml:19:17-69
37-->src/main/AndroidManifest.xml:19:25-66
38
39                <category android:name="android.intent.category.LAUNCHER" />
39-->src/main/AndroidManifest.xml:20:17-77
39-->src/main/AndroidManifest.xml:20:27-74
40            </intent-filter>
41        </activity>
42        <activity
42-->src/main/AndroidManifest.xml:24:9-27:58
43            android:name="com.example.foodorderapp.MainActivity"
43-->src/main/AndroidManifest.xml:25:13-41
44            android:exported="false"
44-->src/main/AndroidManifest.xml:26:13-37
45            android:windowSoftInputMode="adjustResize" />
45-->src/main/AndroidManifest.xml:27:13-55
46        <activity
46-->src/main/AndroidManifest.xml:29:9-31:40
47            android:name="com.example.foodorderapp.LoginActivity"
47-->src/main/AndroidManifest.xml:30:13-42
48            android:exported="false" />
48-->src/main/AndroidManifest.xml:31:13-37
49        <activity
49-->src/main/AndroidManifest.xml:33:9-35:40
50            android:name="com.example.foodorderapp.RegisterActivity"
50-->src/main/AndroidManifest.xml:34:13-45
51            android:exported="false" />
51-->src/main/AndroidManifest.xml:35:13-37
52        <activity
52-->src/main/AndroidManifest.xml:37:9-40:58
53            android:name="com.example.foodorderapp.FoodDetailActivity"
53-->src/main/AndroidManifest.xml:38:13-47
54            android:exported="false"
54-->src/main/AndroidManifest.xml:39:13-37
55            android:parentActivityName="com.example.foodorderapp.MainActivity" />
55-->src/main/AndroidManifest.xml:40:13-55
56        <activity
56-->src/main/AndroidManifest.xml:42:9-45:58
57            android:name="com.example.foodorderapp.CartActivity"
57-->src/main/AndroidManifest.xml:43:13-41
58            android:exported="false"
58-->src/main/AndroidManifest.xml:44:13-37
59            android:parentActivityName="com.example.foodorderapp.MainActivity" />
59-->src/main/AndroidManifest.xml:45:13-55
60        <activity
60-->src/main/AndroidManifest.xml:47:9-50:58
61            android:name="com.example.foodorderapp.InvoiceActivity"
61-->src/main/AndroidManifest.xml:48:13-44
62            android:exported="false"
62-->src/main/AndroidManifest.xml:49:13-37
63            android:parentActivityName="com.example.foodorderapp.CartActivity" />
63-->src/main/AndroidManifest.xml:50:13-55
64        <activity
64-->src/main/AndroidManifest.xml:52:9-55:58
65            android:name="com.example.foodorderapp.ManageActivity"
65-->src/main/AndroidManifest.xml:53:13-43
66            android:exported="false"
66-->src/main/AndroidManifest.xml:54:13-37
67            android:parentActivityName="com.example.foodorderapp.MainActivity" />
67-->src/main/AndroidManifest.xml:55:13-55
68
69        <service
69-->[com.google.firebase:firebase-crashlytics:20.0.6] AndroidManifest.xml:12:9-21:19
70            android:name="com.google.firebase.components.ComponentDiscoveryService"
70-->[com.google.firebase:firebase-crashlytics:20.0.6] AndroidManifest.xml:13:13-84
71            android:directBootAware="true"
71-->[com.google.firebase:firebase-common:22.0.1] AndroidManifest.xml:32:13-43
72            android:exported="false" >
72-->[com.google.firebase:firebase-crashlytics:20.0.6] AndroidManifest.xml:14:13-37
73            <meta-data
73-->[com.google.firebase:firebase-crashlytics:20.0.6] AndroidManifest.xml:15:13-17:85
74                android:name="com.google.firebase.components:com.google.firebase.crashlytics.FirebaseCrashlyticsKtxRegistrar"
74-->[com.google.firebase:firebase-crashlytics:20.0.6] AndroidManifest.xml:16:17-126
75                android:value="com.google.firebase.components.ComponentRegistrar" />
75-->[com.google.firebase:firebase-crashlytics:20.0.6] AndroidManifest.xml:17:17-82
76            <meta-data
76-->[com.google.firebase:firebase-crashlytics:20.0.6] AndroidManifest.xml:18:13-20:85
77                android:name="com.google.firebase.components:com.google.firebase.crashlytics.CrashlyticsRegistrar"
77-->[com.google.firebase:firebase-crashlytics:20.0.6] AndroidManifest.xml:19:17-115
78                android:value="com.google.firebase.components.ComponentRegistrar" />
78-->[com.google.firebase:firebase-crashlytics:20.0.6] AndroidManifest.xml:20:17-82
79            <meta-data
79-->[com.google.firebase:firebase-auth:24.0.0] AndroidManifest.xml:69:13-71:85
80                android:name="com.google.firebase.components:com.google.firebase.auth.FirebaseAuthRegistrar"
80-->[com.google.firebase:firebase-auth:24.0.0] AndroidManifest.xml:70:17-109
81                android:value="com.google.firebase.components.ComponentRegistrar" />
81-->[com.google.firebase:firebase-auth:24.0.0] AndroidManifest.xml:71:17-82
82            <meta-data
82-->[com.google.firebase:firebase-firestore:26.0.0] AndroidManifest.xml:17:13-19:85
83                android:name="com.google.firebase.components:com.google.firebase.firestore.FirebaseFirestoreKtxRegistrar"
83-->[com.google.firebase:firebase-firestore:26.0.0] AndroidManifest.xml:18:17-122
84                android:value="com.google.firebase.components.ComponentRegistrar" />
84-->[com.google.firebase:firebase-firestore:26.0.0] AndroidManifest.xml:19:17-82
85            <meta-data
85-->[com.google.firebase:firebase-firestore:26.0.0] AndroidManifest.xml:20:13-22:85
86                android:name="com.google.firebase.components:com.google.firebase.firestore.FirestoreRegistrar"
86-->[com.google.firebase:firebase-firestore:26.0.0] AndroidManifest.xml:21:17-111
87                android:value="com.google.firebase.components.ComponentRegistrar" />
87-->[com.google.firebase:firebase-firestore:26.0.0] AndroidManifest.xml:22:17-82
88            <meta-data
88-->[com.google.firebase:firebase-sessions:3.0.6] AndroidManifest.xml:29:13-31:85
89                android:name="com.google.firebase.components:com.google.firebase.sessions.FirebaseSessionsRegistrar"
89-->[com.google.firebase:firebase-sessions:3.0.6] AndroidManifest.xml:30:17-117
90                android:value="com.google.firebase.components.ComponentRegistrar" />
90-->[com.google.firebase:firebase-sessions:3.0.6] AndroidManifest.xml:31:17-82
91            <meta-data
91-->[com.google.firebase:firebase-installations:19.0.0] AndroidManifest.xml:15:13-17:85
92                android:name="com.google.firebase.components:com.google.firebase.installations.FirebaseInstallationsKtxRegistrar"
92-->[com.google.firebase:firebase-installations:19.0.0] AndroidManifest.xml:16:17-130
93                android:value="com.google.firebase.components.ComponentRegistrar" />
93-->[com.google.firebase:firebase-installations:19.0.0] AndroidManifest.xml:17:17-82
94            <meta-data
94-->[com.google.firebase:firebase-installations:19.0.0] AndroidManifest.xml:18:13-20:85
95                android:name="com.google.firebase.components:com.google.firebase.installations.FirebaseInstallationsRegistrar"
95-->[com.google.firebase:firebase-installations:19.0.0] AndroidManifest.xml:19:17-127
96                android:value="com.google.firebase.components.ComponentRegistrar" />
96-->[com.google.firebase:firebase-installations:19.0.0] AndroidManifest.xml:20:17-82
97            <meta-data
97-->[com.google.firebase:firebase-common:22.0.1] AndroidManifest.xml:35:13-37:85
98                android:name="com.google.firebase.components:com.google.firebase.FirebaseCommonKtxRegistrar"
98-->[com.google.firebase:firebase-common:22.0.1] AndroidManifest.xml:36:17-109
99                android:value="com.google.firebase.components.ComponentRegistrar" />
99-->[com.google.firebase:firebase-common:22.0.1] AndroidManifest.xml:37:17-82
100            <meta-data
100-->[com.google.firebase:firebase-datatransport:19.0.0] AndroidManifest.xml:25:13-27:85
101                android:name="com.google.firebase.components:com.google.firebase.datatransport.TransportRegistrar"
101-->[com.google.firebase:firebase-datatransport:19.0.0] AndroidManifest.xml:26:17-115
102                android:value="com.google.firebase.components.ComponentRegistrar" />
102-->[com.google.firebase:firebase-datatransport:19.0.0] AndroidManifest.xml:27:17-82
103        </service>
104
105        <provider
105-->[androidx.emoji2:emoji2:1.2.0] AndroidManifest.xml:24:9-32:20
106            android:name="androidx.startup.InitializationProvider"
106-->[androidx.emoji2:emoji2:1.2.0] AndroidManifest.xml:25:13-67
107            android:authorities="com.example.foodorderapp.androidx-startup"
107-->[androidx.emoji2:emoji2:1.2.0] AndroidManifest.xml:26:13-68
108            android:exported="false" >
108-->[androidx.emoji2:emoji2:1.2.0] AndroidManifest.xml:27:13-37
109            <meta-data
109-->[androidx.emoji2:emoji2:1.2.0] AndroidManifest.xml:29:13-31:52
110                android:name="androidx.emoji2.text.EmojiCompatInitializer"
110-->[androidx.emoji2:emoji2:1.2.0] AndroidManifest.xml:30:17-75
111                android:value="androidx.startup" />
111-->[androidx.emoji2:emoji2:1.2.0] AndroidManifest.xml:31:17-49
112            <meta-data
112-->[androidx.lifecycle:lifecycle-process:2.7.0] AndroidManifest.xml:29:13-31:52
113                android:name="androidx.lifecycle.ProcessLifecycleInitializer"
113-->[androidx.lifecycle:lifecycle-process:2.7.0] AndroidManifest.xml:30:17-78
114                android:value="androidx.startup" />
114-->[androidx.lifecycle:lifecycle-process:2.7.0] AndroidManifest.xml:31:17-49
115            <meta-data
115-->[androidx.profileinstaller:profileinstaller:1.3.0] AndroidManifest.xml:29:13-31:52
116                android:name="androidx.profileinstaller.ProfileInstallerInitializer"
116-->[androidx.profileinstaller:profileinstaller:1.3.0] AndroidManifest.xml:30:17-85
117                android:value="androidx.startup" />
117-->[androidx.profileinstaller:profileinstaller:1.3.0] AndroidManifest.xml:31:17-49
118        </provider>
119
120        <activity
120-->[com.google.firebase:firebase-auth:24.0.0] AndroidManifest.xml:29:9-46:20
121            android:name="com.google.firebase.auth.internal.GenericIdpActivity"
121-->[com.google.firebase:firebase-auth:24.0.0] AndroidManifest.xml:30:13-80
122            android:excludeFromRecents="true"
122-->[com.google.firebase:firebase-auth:24.0.0] AndroidManifest.xml:31:13-46
123            android:exported="true"
123-->[com.google.firebase:firebase-auth:24.0.0] AndroidManifest.xml:32:13-36
124            android:launchMode="singleTask"
124-->[com.google.firebase:firebase-auth:24.0.0] AndroidManifest.xml:33:13-44
125            android:theme="@android:style/Theme.Translucent.NoTitleBar" >
125-->[com.google.firebase:firebase-auth:24.0.0] AndroidManifest.xml:34:13-72
126            <intent-filter>
126-->[com.google.firebase:firebase-auth:24.0.0] AndroidManifest.xml:35:13-45:29
127                <action android:name="android.intent.action.VIEW" />
127-->[com.google.firebase:firebase-auth:24.0.0] AndroidManifest.xml:36:17-69
127-->[com.google.firebase:firebase-auth:24.0.0] AndroidManifest.xml:36:25-66
128
129                <category android:name="android.intent.category.DEFAULT" />
129-->[com.google.firebase:firebase-auth:24.0.0] AndroidManifest.xml:38:17-76
129-->[com.google.firebase:firebase-auth:24.0.0] AndroidManifest.xml:38:27-73
130                <category android:name="android.intent.category.BROWSABLE" />
130-->[com.google.firebase:firebase-auth:24.0.0] AndroidManifest.xml:39:17-78
130-->[com.google.firebase:firebase-auth:24.0.0] AndroidManifest.xml:39:27-75
131
132                <data
132-->[com.google.firebase:firebase-auth:24.0.0] AndroidManifest.xml:41:17-44:51
133                    android:host="firebase.auth"
133-->[com.google.firebase:firebase-auth:24.0.0] AndroidManifest.xml:42:21-49
134                    android:path="/"
134-->[com.google.firebase:firebase-auth:24.0.0] AndroidManifest.xml:43:21-37
135                    android:scheme="genericidp" />
135-->[com.google.firebase:firebase-auth:24.0.0] AndroidManifest.xml:44:21-48
136            </intent-filter>
137        </activity>
138        <activity
138-->[com.google.firebase:firebase-auth:24.0.0] AndroidManifest.xml:47:9-64:20
139            android:name="com.google.firebase.auth.internal.RecaptchaActivity"
139-->[com.google.firebase:firebase-auth:24.0.0] AndroidManifest.xml:48:13-79
140            android:excludeFromRecents="true"
140-->[com.google.firebase:firebase-auth:24.0.0] AndroidManifest.xml:49:13-46
141            android:exported="true"
141-->[com.google.firebase:firebase-auth:24.0.0] AndroidManifest.xml:50:13-36
142            android:launchMode="singleTask"
142-->[com.google.firebase:firebase-auth:24.0.0] AndroidManifest.xml:51:13-44
143            android:theme="@android:style/Theme.Translucent.NoTitleBar" >
143-->[com.google.firebase:firebase-auth:24.0.0] AndroidManifest.xml:52:13-72
144            <intent-filter>
144-->[com.google.firebase:firebase-auth:24.0.0] AndroidManifest.xml:53:13-63:29
145                <action android:name="android.intent.action.VIEW" />
145-->[com.google.firebase:firebase-auth:24.0.0] AndroidManifest.xml:36:17-69
145-->[com.google.firebase:firebase-auth:24.0.0] AndroidManifest.xml:36:25-66
146
147                <category android:name="android.intent.category.DEFAULT" />
147-->[com.google.firebase:firebase-auth:24.0.0] AndroidManifest.xml:38:17-76
147-->[com.google.firebase:firebase-auth:24.0.0] AndroidManifest.xml:38:27-73
148                <category android:name="android.intent.category.BROWSABLE" />
148-->[com.google.firebase:firebase-auth:24.0.0] AndroidManifest.xml:39:17-78
148-->[com.google.firebase:firebase-auth:24.0.0] AndroidManifest.xml:39:27-75
149
150                <data
150-->[com.google.firebase:firebase-auth:24.0.0] AndroidManifest.xml:41:17-44:51
151                    android:host="firebase.auth"
151-->[com.google.firebase:firebase-auth:24.0.0] AndroidManifest.xml:42:21-49
152                    android:path="/"
152-->[com.google.firebase:firebase-auth:24.0.0] AndroidManifest.xml:43:21-37
153                    android:scheme="recaptcha" />
153-->[com.google.firebase:firebase-auth:24.0.0] AndroidManifest.xml:44:21-48
154            </intent-filter>
155        </activity>
156
157        <service
157-->[androidx.credentials:credentials-play-services-auth:1.2.0-rc01] AndroidManifest.xml:24:9-32:19
158            android:name="androidx.credentials.playservices.CredentialProviderMetadataHolder"
158-->[androidx.credentials:credentials-play-services-auth:1.2.0-rc01] AndroidManifest.xml:25:13-94
159            android:enabled="true"
159-->[androidx.credentials:credentials-play-services-auth:1.2.0-rc01] AndroidManifest.xml:26:13-35
160            android:exported="false" >
160-->[androidx.credentials:credentials-play-services-auth:1.2.0-rc01] AndroidManifest.xml:27:13-37
161            <meta-data
161-->[androidx.credentials:credentials-play-services-auth:1.2.0-rc01] AndroidManifest.xml:29:13-31:104
162                android:name="androidx.credentials.CREDENTIAL_PROVIDER_KEY"
162-->[androidx.credentials:credentials-play-services-auth:1.2.0-rc01] AndroidManifest.xml:30:17-76
163                android:value="androidx.credentials.playservices.CredentialProviderPlayServicesImpl" />
163-->[androidx.credentials:credentials-play-services-auth:1.2.0-rc01] AndroidManifest.xml:31:17-101
164        </service>
165
166        <activity
166-->[androidx.credentials:credentials-play-services-auth:1.2.0-rc01] AndroidManifest.xml:34:9-41:20
167            android:name="androidx.credentials.playservices.HiddenActivity"
167-->[androidx.credentials:credentials-play-services-auth:1.2.0-rc01] AndroidManifest.xml:35:13-76
168            android:configChanges="orientation|screenSize|screenLayout|keyboardHidden"
168-->[androidx.credentials:credentials-play-services-auth:1.2.0-rc01] AndroidManifest.xml:36:13-87
169            android:enabled="true"
169-->[androidx.credentials:credentials-play-services-auth:1.2.0-rc01] AndroidManifest.xml:37:13-35
170            android:exported="false"
170-->[androidx.credentials:credentials-play-services-auth:1.2.0-rc01] AndroidManifest.xml:38:13-37
171            android:fitsSystemWindows="true"
171-->[androidx.credentials:credentials-play-services-auth:1.2.0-rc01] AndroidManifest.xml:39:13-45
172            android:theme="@style/Theme.Hidden" >
172-->[androidx.credentials:credentials-play-services-auth:1.2.0-rc01] AndroidManifest.xml:40:13-48
173        </activity>
174        <activity
174-->[com.google.android.gms:play-services-auth:21.1.1] AndroidManifest.xml:23:9-27:75
175            android:name="com.google.android.gms.auth.api.signin.internal.SignInHubActivity"
175-->[com.google.android.gms:play-services-auth:21.1.1] AndroidManifest.xml:24:13-93
176            android:excludeFromRecents="true"
176-->[com.google.android.gms:play-services-auth:21.1.1] AndroidManifest.xml:25:13-46
177            android:exported="false"
177-->[com.google.android.gms:play-services-auth:21.1.1] AndroidManifest.xml:26:13-37
178            android:theme="@android:style/Theme.Translucent.NoTitleBar" />
178-->[com.google.android.gms:play-services-auth:21.1.1] AndroidManifest.xml:27:13-72
179        <!--
180            Service handling Google Sign-In user revocation. For apps that do not integrate with
181            Google Sign-In, this service will never be started.
182        -->
183        <service
183-->[com.google.android.gms:play-services-auth:21.1.1] AndroidManifest.xml:33:9-37:51
184            android:name="com.google.android.gms.auth.api.signin.RevocationBoundService"
184-->[com.google.android.gms:play-services-auth:21.1.1] AndroidManifest.xml:34:13-89
185            android:exported="true"
185-->[com.google.android.gms:play-services-auth:21.1.1] AndroidManifest.xml:35:13-36
186            android:permission="com.google.android.gms.auth.api.signin.permission.REVOCATION_NOTIFICATION"
186-->[com.google.android.gms:play-services-auth:21.1.1] AndroidManifest.xml:36:13-107
187            android:visibleToInstantApps="true" />
187-->[com.google.android.gms:play-services-auth:21.1.1] AndroidManifest.xml:37:13-48
188
189        <activity
189-->[com.google.android.gms:play-services-base:18.3.0] AndroidManifest.xml:20:9-22:45
190            android:name="com.google.android.gms.common.api.GoogleApiActivity"
190-->[com.google.android.gms:play-services-base:18.3.0] AndroidManifest.xml:20:19-85
191            android:exported="false"
191-->[com.google.android.gms:play-services-base:18.3.0] AndroidManifest.xml:22:19-43
192            android:theme="@android:style/Theme.Translucent.NoTitleBar" />
192-->[com.google.android.gms:play-services-base:18.3.0] AndroidManifest.xml:21:19-78
193
194        <service
194-->[com.google.firebase:firebase-sessions:3.0.6] AndroidManifest.xml:22:9-25:40
195            android:name="com.google.firebase.sessions.SessionLifecycleService"
195-->[com.google.firebase:firebase-sessions:3.0.6] AndroidManifest.xml:23:13-80
196            android:enabled="false"
196-->[com.google.firebase:firebase-sessions:3.0.6] AndroidManifest.xml:24:13-36
197            android:exported="false" />
197-->[com.google.firebase:firebase-sessions:3.0.6] AndroidManifest.xml:25:13-37
198
199        <provider
199-->[com.google.firebase:firebase-common:22.0.1] AndroidManifest.xml:23:9-28:39
200            android:name="com.google.firebase.provider.FirebaseInitProvider"
200-->[com.google.firebase:firebase-common:22.0.1] AndroidManifest.xml:24:13-77
201            android:authorities="com.example.foodorderapp.firebaseinitprovider"
201-->[com.google.firebase:firebase-common:22.0.1] AndroidManifest.xml:25:13-72
202            android:directBootAware="true"
202-->[com.google.firebase:firebase-common:22.0.1] AndroidManifest.xml:26:13-43
203            android:exported="false"
203-->[com.google.firebase:firebase-common:22.0.1] AndroidManifest.xml:27:13-37
204            android:initOrder="100" />
204-->[com.google.firebase:firebase-common:22.0.1] AndroidManifest.xml:28:13-36
205
206        <meta-data
206-->[com.google.android.gms:play-services-basement:18.8.0] AndroidManifest.xml:21:9-23:69
207            android:name="com.google.android.gms.version"
207-->[com.google.android.gms:play-services-basement:18.8.0] AndroidManifest.xml:22:13-58
208            android:value="@integer/google_play_services_version" />
208-->[com.google.android.gms:play-services-basement:18.8.0] AndroidManifest.xml:23:13-66
209
210        <receiver
210-->[androidx.profileinstaller:profileinstaller:1.3.0] AndroidManifest.xml:34:9-52:20
211            android:name="androidx.profileinstaller.ProfileInstallReceiver"
211-->[androidx.profileinstaller:profileinstaller:1.3.0] AndroidManifest.xml:35:13-76
212            android:directBootAware="false"
212-->[androidx.profileinstaller:profileinstaller:1.3.0] AndroidManifest.xml:36:13-44
213            android:enabled="true"
213-->[androidx.profileinstaller:profileinstaller:1.3.0] AndroidManifest.xml:37:13-35
214            android:exported="true"
214-->[androidx.profileinstaller:profileinstaller:1.3.0] AndroidManifest.xml:38:13-36
215            android:permission="android.permission.DUMP" >
215-->[androidx.profileinstaller:profileinstaller:1.3.0] AndroidManifest.xml:39:13-57
216            <intent-filter>
216-->[androidx.profileinstaller:profileinstaller:1.3.0] AndroidManifest.xml:40:13-42:29
217                <action android:name="androidx.profileinstaller.action.INSTALL_PROFILE" />
217-->[androidx.profileinstaller:profileinstaller:1.3.0] AndroidManifest.xml:41:17-91
217-->[androidx.profileinstaller:profileinstaller:1.3.0] AndroidManifest.xml:41:25-88
218            </intent-filter>
219            <intent-filter>
219-->[androidx.profileinstaller:profileinstaller:1.3.0] AndroidManifest.xml:43:13-45:29
220                <action android:name="androidx.profileinstaller.action.SKIP_FILE" />
220-->[androidx.profileinstaller:profileinstaller:1.3.0] AndroidManifest.xml:44:17-85
220-->[androidx.profileinstaller:profileinstaller:1.3.0] AndroidManifest.xml:44:25-82
221            </intent-filter>
222            <intent-filter>
222-->[androidx.profileinstaller:profileinstaller:1.3.0] AndroidManifest.xml:46:13-48:29
223                <action android:name="androidx.profileinstaller.action.SAVE_PROFILE" />
223-->[androidx.profileinstaller:profileinstaller:1.3.0] AndroidManifest.xml:47:17-88
223-->[androidx.profileinstaller:profileinstaller:1.3.0] AndroidManifest.xml:47:25-85
224            </intent-filter>
225            <intent-filter>
225-->[androidx.profileinstaller:profileinstaller:1.3.0] AndroidManifest.xml:49:13-51:29
226                <action android:name="androidx.profileinstaller.action.BENCHMARK_OPERATION" />
226-->[androidx.profileinstaller:profileinstaller:1.3.0] AndroidManifest.xml:50:17-95
226-->[androidx.profileinstaller:profileinstaller:1.3.0] AndroidManifest.xml:50:25-92
227            </intent-filter>
228        </receiver>
229
230        <service
230-->[com.google.android.datatransport:transport-backend-cct:3.3.0] AndroidManifest.xml:26:9-32:19
231            android:name="com.google.android.datatransport.runtime.backends.TransportBackendDiscovery"
231-->[com.google.android.datatransport:transport-backend-cct:3.3.0] AndroidManifest.xml:27:13-103
232            android:exported="false" >
232-->[com.google.android.datatransport:transport-backend-cct:3.3.0] AndroidManifest.xml:28:13-37
233            <meta-data
233-->[com.google.android.datatransport:transport-backend-cct:3.3.0] AndroidManifest.xml:29:13-31:39
234                android:name="backend:com.google.android.datatransport.cct.CctBackendFactory"
234-->[com.google.android.datatransport:transport-backend-cct:3.3.0] AndroidManifest.xml:30:17-94
235                android:value="cct" />
235-->[com.google.android.datatransport:transport-backend-cct:3.3.0] AndroidManifest.xml:31:17-36
236        </service>
237        <service
237-->[com.google.android.datatransport:transport-runtime:3.3.0] AndroidManifest.xml:24:9-28:19
238            android:name="com.google.android.datatransport.runtime.scheduling.jobscheduling.JobInfoSchedulerService"
238-->[com.google.android.datatransport:transport-runtime:3.3.0] AndroidManifest.xml:25:13-117
239            android:exported="false"
239-->[com.google.android.datatransport:transport-runtime:3.3.0] AndroidManifest.xml:26:13-37
240            android:permission="android.permission.BIND_JOB_SERVICE" >
240-->[com.google.android.datatransport:transport-runtime:3.3.0] AndroidManifest.xml:27:13-69
241        </service>
242
243        <receiver
243-->[com.google.android.datatransport:transport-runtime:3.3.0] AndroidManifest.xml:30:9-32:40
244            android:name="com.google.android.datatransport.runtime.scheduling.jobscheduling.AlarmManagerSchedulerBroadcastReceiver"
244-->[com.google.android.datatransport:transport-runtime:3.3.0] AndroidManifest.xml:31:13-132
245            android:exported="false" /> <!-- The activities will be merged into the manifest of the hosting app. -->
245-->[com.google.android.datatransport:transport-runtime:3.3.0] AndroidManifest.xml:32:13-37
246        <activity
246-->[com.google.android.play:core-common:2.0.3] AndroidManifest.xml:14:9-18:65
247            android:name="com.google.android.play.core.common.PlayCoreDialogWrapperActivity"
247-->[com.google.android.play:core-common:2.0.3] AndroidManifest.xml:15:13-93
248            android:exported="false"
248-->[com.google.android.play:core-common:2.0.3] AndroidManifest.xml:16:13-37
249            android:stateNotNeeded="true"
249-->[com.google.android.play:core-common:2.0.3] AndroidManifest.xml:17:13-42
250            android:theme="@style/Theme.PlayCore.Transparent" />
250-->[com.google.android.play:core-common:2.0.3] AndroidManifest.xml:18:13-62
251    </application>
252
253</manifest>